<?xml version="1.0" encoding="UTF-8"?>
<!-- Generated by org.testng.reporters.JUnitReportReporter -->
<testsuite hostname="QA-Saurabh" failures="0" tests="1" name="mainClass.MainClass" time="68.717" errors="0" timestamp="2024-01-02T15:41:24 IST" skipped="0">
  <testcase classname="mainClass.MainClass" name="login" time="68.717"/>
  <system-out/>
</testsuite> <!-- mainClass.MainClass -->
